<?xml version="1.0" encoding="UTF-8"?>
<!-- Generated by org.testng.reporters.JUnitReportReporter -->
<testsuite hostname="DESKTOP-U6G99M3" failures="0" tests="1" name="testcases.TC_ProductPageTest" time="23.458" errors="0" timestamp="2024-06-16T13:48:23 IST" skipped="0">
  <testcase classname="testcases.TC_ProductPageTest" name="verifyBuyProduct" time="23.458"/>
  <system-out/>
</testsuite> <!-- testcases.TC_ProductPageTest -->
